    <><><><><><><><><><><><><><><><><><><><><><><><><><><><><><><>
                                ___
                             .-'   `'.
                            /         \
                            |         ;
                            |         |           ___.--,
                   _.._     |0) ~ (0) |    _.---'`__.-( (_.
            __.--'`_.. '.__.\    '--. \_.-' ,.--'`     `""`
           ( ,.--'`   ',__ /./;   ;, '.__.'`    __
           _`) )  .---.__.' / |   |\   \__..--""  """--.,_
          `---' .'.''-._.-'`_./  /\ '.  \ _.-~~~````~~~-._`-.__.'
                | |  .' _.-' |  |  \  \  '.               `~---`
                 \ \/ .'     \  \   '. '-._)
                  \/ /        \  \    `=.__`~-.
             jgs  / /\         `) )    / / `"".`\
            , _.-'.'\ \        / /    ( (     / /
             `--~`   ) )    .-'.'      '.'.  | (
                    (/`    ( (`          ) )  '-;
                     `      '-;         (-'

    This program is free software; you can redistribute it and/or modify
    it under the terms of the GNU General Public License as published by
    the Free Software Foundation; either version 2, or (at your option)
    any later version.

    This program is distributed in the hope that it will be useful,
    but WITHOUT ANY WARRANTY; without even the implied warranty of
    MERCHANTABILITY or FITNESS FOR A PARTICULAR PURPOSE.  See the
    GNU General Public License for more details.

    You should have received a copy of the GNU General Public License
    along with this program; if not, write to the Free Software
    Foundation, Inc., 51 Franklin Street, Fifth Floor, Boston, MA

    <><><><><><><><><><><><><><><><><><><><><><><><><><><><><><><>

                           Running octopus

Version                : 9.1
Commit                 :
Build time             : Tue Oct 15 10:34:28 EDT 2019
Configuration options  : max-dim=3 sse2
Optional libraries     : gdlib netcdf
Architecture           : x86_64
C compiler             : gcc
C compiler flags       : -g -O2
Fortran compiler       : gfortran (GCC version 8.2.0)
Fortran compiler flags : -pipe -O3 -funroll-loops -ffast-math -ffree-line-length-none

       The octopus is swimming in scdc4001.hpc.wvu.edu (Linux)


            Calculation started on 2020/10/12 at 17:17:42


************************** Calculation Mode **************************
Input: [CalculationMode = gs]
**********************************************************************


** Warning:
**   PseudopotentialSet = sg15 is under development.
**   It might not work or produce wrong results.

Input: [PseudopotentialSet = sg15]
Reading Coordinates from ReducedCoordinates block

****************************** Species *******************************

** Warning:
**   XML (QSO, UPF, and PSML, PSP8) pseudopotential support is under development.
**   It might not work or produce wrong results.

  Species 'Si'
    type             : pseudopotential
    file             : '/shared/software/atomistic/octopus/9.1_gcc82/share/octopus/pseudopotentials/quantum-simulation.org/sg15//Si_ONCV_PBE-1.1.upf'
    file format      : UPF2
    valence charge   : 4.0
    atomic number    :  14
    form on file     : kleinman-bylander
    lmax             : 1
    llocal           : -1
    projectors per l : 2
    total projectors : 4
    application form : kleinman-bylander
    orbitals         :  0
    bound orbitals   :  0

**********************************************************************


** Warning:
**   Lsize was not found in input file. Continuing anyway.


***************************** Symmetries *****************************
Space group No.  227
International: Fd-3m
Schoenflies: Oh^7
  Index                Rotation matrix                      Fractional translations
    1 :     1   0   0     0   1   0     0   0   1      0.000000    0.000000    0.000000
    2 :     0  -1   1     0  -1   0     1  -1   0      0.000000    0.000000    0.000000
    3 :    -1   0   0    -1   0   1    -1   1   0      0.000000   -0.000000    0.000000
    4 :     0   1  -1     1   0  -1     0   0  -1     -0.000000   -0.000000    0.000000
    5 :    -1   1   0    -1   0   0    -1   0   1      0.000000    0.000000    0.000000
    6 :     0   0   1     1   0   0     0   1   0      0.000000   -0.000000    0.000000
    7 :     1  -1   0     0  -1   1     0  -1   0      0.000000   -0.000000    0.000000
    8 :     0   0  -1     0   1  -1     1   0  -1      0.000000   -0.000000    0.000000
    9 :     0  -1   0     1  -1   0     0  -1   1      0.000000    0.000000    0.000000
   10 :    -1   0   1    -1   1   0    -1   0   0      0.000000   -0.000000    0.000000
   11 :     0   1   0     0   0   1     1   0   0      0.000000   -0.000000    0.000000
   12 :     1   0  -1     0   0  -1     0   1  -1      0.000000   -0.000000    0.000000
   13 :     0   0  -1     1   0  -1     0   1  -1      0.000000   -0.000000    0.000000
   14 :    -1   1   0    -1   0   1    -1   0   0      0.000000   -0.000000    0.000000
   15 :     1  -1   0     0  -1   0     0  -1   1     -0.000000    0.000000    0.000000
   16 :     0   0   1     0   1   0     1   0   0      0.000000    0.000000    0.000000
   17 :     1   0  -1     0   1  -1     0   0  -1      0.000000   -0.000000    0.000000
   18 :     0  -1   0     0  -1   1     1  -1   0      0.000000    0.000000    0.000000
   19 :     0   1   0     1   0   0     0   0   1      0.000000    0.000000    0.000000
   20 :    -1   0   1    -1   0   0    -1   1   0      0.000000   -0.000000    0.000000
   21 :     0   1  -1     0   0  -1     1   0  -1      0.000000   -0.000000    0.000000
   22 :     1   0   0     0   0   1     0   1   0      0.000000   -0.000000    0.000000
   23 :    -1   0   0    -1   1   0    -1   0   1      0.000000    0.000000    0.000000
   24 :     0  -1   1     1  -1   0     0  -1   0      0.000000   -0.000000    0.000000
Info: The system has    24 symmetries that can be used.
**********************************************************************


   216 k-points generated from parameters :
 ---------------------------------------------------
    n =    6    6    6

    s1  =  0.00  0.00  0.00

 index |    weight    |             coordinates              |
     1 |     0.004630 |    0.000000    0.000000    0.000000  |
     2 |     0.004630 |    0.166667    0.000000    0.000000  |
     3 |     0.004630 |    0.000000    0.166667    0.000000  |
     4 |     0.004630 |   -0.166667    0.000000    0.000000  |

Input: [SpinComponents = unpolarized]
Input: [SmearingFunction = semiconducting]
Input: [SymmetrizeDensity = no]

******************************* States *******************************
Total electronic charge  =        8.000
Number of states         =        4
States block-size        =        4
**********************************************************************


** Warning:
**   The spacing has been modified to make it commensurate with the periodicity of the system.

Input: [CurvMethod = curv_uniform]
Input: [DerivativesStencil = stencil_stargeneral]

************************** Parallelization ***************************
Info: Octopus will run in *serial*
**********************************************************************

Info: Generating weights for finite-difference discretization of x-gradient
Info: Generating weights for finite-difference discretization of y-gradient
Info: Generating weights for finite-difference discretization of z-gradient
Info: Generating weights for finite-difference discretization of Laplacian

******************************** Grid ********************************
Simulation Box:
  Type = parallelepiped
  Lengths [A] = (   3.867,   3.867,   3.867)
  Octopus will run in 3 dimension(s).
  Octopus will treat the system as periodic in 3 dimension(s).

  Lattice Vectors [A]
    3.866975    0.000000    0.000000
    1.933488    3.348899    0.000000
    1.933488    1.116300    3.157372
  Cell volume =            40.8883 [A^3]
  Reciprocal-Lattice Vectors [A^-1]
    1.624832   -0.938097   -0.663335
    0.000000    1.876195   -0.663335
    0.000000    0.000000    1.990005
Main mesh:
  Spacing [A] = ( 0.138, 0.138, 0.138)    volume/point [A^3] =      0.00186
  # inner mesh =      21952
  # total mesh =      44192
  Grid Cutoff [eV] =  1971.496337    Grid Cutoff [Ry] =   144.902321
**********************************************************************

Info: states-block size = 1.3 MiB
Input: [StatesPack = yes]
Input: [StatesMirror = no]
Input: [StatesOrthogonalization = cholesky_serial]

****************************** Hartree *******************************
The chosen Poisson solver is 'fast Fourier transform'
Input: [PoissonFFTKernel = fft_nocut]
**********************************************************************

Input: [FFTLibrary = fftw]
Info: FFT grid dimensions       = 28 x 28 x 28
      Total grid size           = 21952 (   0.2 MiB )
Info: the XCFunctional has been selected to match the pseudopotentials
      used in the calculation.

**************************** Theory Level ****************************
Input: [TheoryLevel = dft]

Exchange-correlation:
  Exchange
    Perdew, Burke & Ernzerhof (GGA)
    [1] J. P. Perdew, K. Burke, and M. Ernzerhof, Phys. Rev. Lett. 77, 3865 (1996)
    [2] J. P. Perdew, K. Burke, and M. Ernzerhof, Phys. Rev. Lett. 78, 1396 (1997)
  Correlation
    Perdew, Burke & Ernzerhof (GGA)
    [1] J. P. Perdew, K. Burke, and M. Ernzerhof, Phys. Rev. Lett. 77, 3865 (1996)
    [2] J. P. Perdew, K. Burke, and M. Ernzerhof, Phys. Rev. Lett. 78, 1396 (1997)

Input: [SICCorrection = sic_none]
**********************************************************************

Input: [FilterPotentials = filter_TS]
Info: Pseudopotential for Si
  Radii for localized parts:
    local part     =  1.1 A
    non-local part =  1.9 A
    orbitals       =  0.0 A

Input: [RelativisticCorrection = non_relativistic]
Input: [DFTULevel = dft_u_none]

****************** Approximate memory requirements *******************
Mesh
  global  :       0.7 MiB
  local   :       1.0 MiB
  total   :       1.7 MiB

States
  real    :     291.3 MiB (par_kpoints + par_states + par_domains)
  complex :     582.6 MiB (par_kpoints + par_states + par_domains)

**********************************************************************

Info: Generating external potential
      done.
Info: Octopus initialization completed.
Info: Starting calculation mode.
Info: Allocating ground state wave-functions
Info: Blocks of states
      Block       1 contains       4 states:       1 -       4
Info: Ground-state allocation done.
Input: [MixField = potential] (what to mix during SCF cycles)
Input: [MixingScheme = broyden]

**************************** Eigensolver *****************************
Input: [Eigensolver = cg]
Input: [Preconditioner = pre_filter]
Input: [PreconditionerFilterFactor = 0.6000]
Input: [SubspaceDiagonalization = standard]
**********************************************************************


** Warning:
**   The are no atomic orbitals available, cannot do LCAO.

Input: [EigensolverSkipKpoints = no]
Input: [LCAOStart = lcao_full]
Input: [LCAOScaleFactor = 1.000]
Input: [LCAOMaximumOrbitalRadius = 10.58 A]
Info: Unnormalized total charge =      7.906539
Info: Renormalized total charge =      8.000000
Info: Setting up Hamiltonian.
Orthogonalizing wavefunctions.
Info: Ground-state restart information will be written to 'restart/gs'.
Info: SCF using complex wavefunctions.
Info: Starting SCF iteration.
ETA: .......1......2.......3......4......5.......6......7.......8......9......0


*********************** SCF CYCLE ITER #    1 ************************
 etot  =  7.48853117E+02 abs_ev   =  9.49E+03 rel_ev   =  1.01E+01
 ediff =        2.75E+01 abs_dens =  3.95E+00 rel_dens =  4.94E-01
Matrix vector products:   3888
Converged eigenvectors:      0

#  State  KPoint  Eigenvalue [eV]  Occupation    Error
      1       1       -5.174228    2.000000   (1.2E+00)
      1       6       -4.804262    2.000000   (1.1E+00)
      1       7       -4.797650    2.000000   (1.1E+00)
      1      27       -4.786651    2.000000   (1.1E+00)
      1       5       -4.785140    2.000000   (1.1E+00)
      1       3       -4.781910    2.000000   (1.1E+00)
      1       4       -4.780635    2.000000   (1.1E+00)
      1       2       -4.772487    2.000000   (1.1E+00)

  [output of 847 eigenvalues skipped: maximum error = 8.6E+00]

      4     186      175.885718    2.000000   (8.4E+00)
      4      31      176.011273    2.000000   (8.4E+00)
      4     155      176.045017    2.000000   (8.3E+00)
      4      89      176.202861    2.000000   (8.4E+00)
      4     123      176.265858    2.000000   (8.4E+00)
      4     171      178.352063    2.000000   (8.5E+00)
      4     181      178.928041    2.000000   (8.4E+00)
      4     200      180.034411    2.000000   (8.5E+00)
      4       1      180.725173    2.000000   (8.4E+00)

Density of states:

-%--------------------------------------------------------------------
-%--------------------------------------------------------------------
-%----------------------------------------------------------%---------
-%----------------------------------------------------------%----%----
-%---------------------------------------------------------%%----%----
-%------------------------------------------------------%%%%%----%%---
-%%----------------------------------------------------%%%%%%---%%%---
%%%%---------------------------------------------------%%%%%%%--%%%---
%%%%---------------------------------------------------%%%%%%%%%%%%%--
%%%%--------------------------------------------------%%%%%%%%%%%%%%--
                                                                     ^


Elapsed time for SCF step     1:         52.53
**********************************************************************

ETA: .......1......2.......3......4......5.......6......7.......8......9......0


*********************** SCF CYCLE ITER #    2 ************************
 etot  = -7.34825758E+01 abs_ev   =  8.16E+02 rel_ev   =  6.43E+00
 ediff =       -3.02E+01 abs_dens =  3.05E+00 rel_dens =  3.81E-01
Matrix vector products:   8262
Converged eigenvectors:      0

#  State  KPoint  Eigenvalue [eV]  Occupation    Error
      1       1       -8.687577    2.000000   (2.1E-01)
      1       4       -8.365020    2.000000   (1.6E-01)
      1       5       -8.364688    2.000000   (1.6E-01)
      1       2       -8.361282    2.000000   (1.6E-01)
      1      27       -8.358907    2.000000   (1.6E-01)
      1       3       -8.316906    2.000000   (2.2E-01)
      1       6       -8.314506    2.000000   (2.2E-01)
      1       7       -8.310539    2.000000   (2.2E-01)

  [output of 847 eigenvalues skipped: maximum error = 2.0E+00]

      4     132       35.283316    2.000000   (1.6E+00)
      4     197       35.355581    2.000000   (1.7E+00)
      4      62       35.381294    2.000000   (1.7E+00)
      4     196       35.429505    2.000000   (1.7E+00)
      4     188       35.603902    2.000000   (1.7E+00)
      4      29       35.631164    2.000000   (1.8E+00)
      4     198       35.907668    2.000000   (1.6E+00)
      4     191       36.423314    2.000000   (1.7E+00)
      4     209       38.301578    2.000000   (1.6E+00)

Density of states:

-----%----------------------------------------------------------------
-----%----------------------------------------------------------------
---%-%----------------------------------------------------------------
---%-%----------------------------------------------------------------
--%%-%----------------------------------------------------------------
--%%%%---------------------------%---%---------%-----%%---%-----------
-%%%%%%--------------------------%%--%%-%----%%%%--%-%%%--%-----------
-%%%%%%-------------------------%%%%%%%%%%-%%%%%%%%%%%%%%%%%%%--------
-%%%%%%-------------------------%%%%%%%%%%%%%%%%%%%%%%%%%%%%%%--------
%%%%%%%%%--------------------%%%%%%%%%%%%%%%%%%%%%%%%%%%%%%%%%%%%%----
                                                                     ^


Elapsed time for SCF step     2:         90.52
**********************************************************************

ETA: .......1......2.......3......4......5.......6......7.......8......9......0


*********************** SCF CYCLE ITER #    3 ************************
 etot  = -2.10755634E+02 abs_ev   =  1.30E+02 rel_ev   =  3.77E+01
 ediff =       -5.04E+00 abs_dens =  2.11E+00 rel_dens =  2.64E-01
Matrix vector products:  15773
Converged eigenvectors:      0

#  State  KPoint  Eigenvalue [eV]  Occupation    Error
      1       1       -8.755098    2.000000   (3.0E-02)
      1       5       -8.417026    2.000000   (1.9E-02)
      1       2       -8.415679    2.000000   (1.9E-02)
      1       4       -8.415626    2.000000   (1.9E-02)
      1      27       -8.414610    2.000000   (1.9E-02)
      1       7       -8.412886    2.000000   (3.3E-02)
      1       3       -8.410468    2.000000   (3.9E-02)
      1      20       -8.403694    2.000000   (4.5E-02)

  [output of 847 eigenvalues skipped: maximum error = 5.6E-01]

      4      73        8.187941    2.000000   (4.4E-01)
      4     138        8.197070    2.000000   (3.9E-01)
      4      38        8.379480    2.000000   (4.8E-01)
      4       7        8.438141    2.000000   (4.8E-01)
      4      95        8.503202    2.000000   (4.8E-01)
      4      40        9.912829    2.000000   (4.9E-01)
      4     186        9.989603    2.000000   (4.6E-01)
      4      83       10.036348    2.000000   (4.2E-01)
      4     134       10.670487    2.000000   (4.1E-01)

Density of states:

--------%-------------------------------------------------------------
--------%-------------------------------------------------------------
--------%--%-------------------------%--------------------------------
--------%--%-------------------------%-%%-----------------------------
--------%--%------------------------%%%%%--%--------------------------
----%--%%--%----------%--%--------%%%%%%%%%%--------------------------
----%--%%-%%---------%%%%%------%%%%%%%%%%%%--------------------------
---%%--%%-%%--%------%%%%%%%----%%%%%%%%%%%%%%--%---------------------
-%-%%%-%%-%%--%-----%%%%%%%%-%-%%%%%%%%%%%%%%%-%%%%%%--%%-------------
-%%%%%%%%%%%--%--%%%%%%%%%%%%%%%%%%%%%%%%%%%%%%%%%%%%%%%%%%--%--------
                                                                     ^


Elapsed time for SCF step     3:        152.80
**********************************************************************

ETA: .......1......2.......3......4......5.......6......7.......8......9......0


*********************** SCF CYCLE ITER #    4 ************************
 etot  = -2.23099493E+02 abs_ev   =  1.01E+01 rel_ev   =  7.45E-01
 ediff =       -4.54E-01 abs_dens =  6.11E-01 rel_dens =  7.63E-02
Matrix vector products:  14742
Converged eigenvectors:      0

#  State  KPoint  Eigenvalue [eV]  Occupation    Error
      1       1       -8.564466    2.000000   (4.1E-03)
      1       5       -8.222817    2.000000   (4.0E-03)
      1       3       -8.222693    2.000000   (6.3E-03)
      1       2       -8.222112    2.000000   (3.9E-03)
      1       4       -8.222095    2.000000   (4.8E-03)
      1      27       -8.220908    2.000000   (4.4E-03)
      1       6       -8.220845    2.000000   (6.2E-03)
      1       7       -8.220836    2.000000   (7.5E-03)

  [output of 847 eigenvalues skipped: maximum error = 2.8E-01]

      4      83        3.374375    2.000000   (3.2E-01)
      4      52        3.452591    2.000000   (3.5E-01)
      4      95        4.219184    2.000000   (3.3E-01)
      4      27        4.225548    2.000000   (2.6E-01)
      4      20        4.590869    2.000000   (2.9E-01)
      4       1        5.072731    2.000000   (3.1E-01)
      4      12        5.962185    2.000000   (3.5E-01)
      4     186        6.114652    2.000000   (2.4E-01)
      4       7        6.568193    2.000000   (1.5E-01)

Density of states:

---------------------------------------%------------------------------
---------------------------------------%--%---------------------------
-----------------------%---------------%--%%--%-----------------------
--------------%--------%%--------------%--%%%-%-%---------------------
------%---%---%--------%%------------%-%-%%%%%%-%---------------------
------%---%---%--------%%--%---------%-%-%%%%%%-%---------------------
------%--%%--%%---%----%%--%%--------%-%-%%%%%%-%%--------------------
--%---%--%%%-%%---%----%%--%%-%--%---%%%-%%%%%%-%%-%------------------
--%-%-%--%%%-%%---%----%%--%%-%--%--%%%%-%%%%%%-%%-%------------------
--%-%-%-%%%%-%%---%%--%%%--%%-%--%%%%%%%%%%%%%%%%%%%%%%---------------
                                                                     ^


Elapsed time for SCF step     4:        141.07
**********************************************************************

ETA: .......1......2.......3......4......5.......6......7.......8......9......0


*********************** SCF CYCLE ITER #    5 ************************
 etot  = -2.24082448E+02 abs_ev   =  7.76E-01 rel_ev   =  5.40E-02
 ediff =       -3.61E-02 abs_dens =  6.27E-02 rel_dens =  7.84E-03
Matrix vector products:  13209
Converged eigenvectors:      0

#  State  KPoint  Eigenvalue [eV]  Occupation    Error
      1       1       -8.555545    2.000000   (7.2E-04)
      1       5       -8.213727    2.000000   (7.8E-04)
      1       3       -8.213726    2.000000   (8.9E-04)
      1       2       -8.213036    2.000000   (8.1E-04)
      1       4       -8.213036    2.000000   (6.9E-04)
      1       7       -8.211944    2.000000   (1.0E-03)
      1       6       -8.211944    2.000000   (9.9E-04)
      1      27       -8.211892    2.000000   (7.9E-04)

  [output of 847 eigenvalues skipped: maximum error = 2.0E-01]

      4       4        2.623818    2.000000   (2.5E-02)
      4       2        2.624804    2.000000   (2.5E-02)
      4      27        2.633316    2.000000   (2.6E-02)
      4       6        2.650384    2.000000   (5.1E-02)
      4      20        2.661522    2.000000   (6.7E-02)
      2       1        2.960323    2.000000   (3.5E-02)
      3       1        2.970301    2.000000   (3.5E-02)
      4       1        3.093608    2.000000   (1.2E-01)
      4       7        4.069490    2.000000   (1.5E-01)

Density of states:

----------------------------------------------%-----------------------
----------------------------------------------%-----------------------
----------------------------------------------%-----------------------
----------------------------------------------%---%-%-----------------
----------------------------------------------%---%%%--%--------------
-------%---------%---------%------------------%---%%%--%-%------------
-------%----%----%----%----%%---------------%-%---%%%--%-%%-----------
-------%---%%%--%%----%----%%%--%%------%---%-%---%%%%%%-%%-----------
-----%-%---%%%--%%----%----%%%--%%--%---%-%-%-%-%%%%%%%%-%%--%--------
--%%-%-%--%%%%--%%----%----%%%--%%--%---%-%%%-%-%%%%%%%%-%%-%%--------
                                                                     ^


Elapsed time for SCF step     5:        124.58
**********************************************************************

ETA: .......1......2.......3......4......5.......6......7.......8......9......0


*********************** SCF CYCLE ITER #    6 ************************
 etot  = -2.23349060E+02 abs_ev   =  5.23E-01 rel_ev   =  3.78E-02
 ediff =        2.70E-02 abs_dens =  1.02E-01 rel_dens =  1.27E-02
Matrix vector products:  12833
Converged eigenvectors:      0

#  State  KPoint  Eigenvalue [eV]  Occupation    Error
      1       1       -8.489185    2.000000   (5.8E-03)
      1       5       -8.146066    2.000000   (4.6E-03)
      1       3       -8.146065    2.000000   (4.5E-03)
      1      27       -8.145710    2.000000   (4.6E-03)
      1      20       -8.145708    2.000000   (4.6E-03)
      1       6       -8.144808    2.000000   (4.6E-03)
      1       7       -8.144806    2.000000   (4.8E-03)
      1       4       -8.144710    2.000000   (4.5E-03)

  [output of 847 eigenvalues skipped: maximum error = 3.2E-02]

      4      20        2.694043    2.000000   (5.5E-03)
      4      27        2.694133    2.000000   (7.7E-03)
      4       4        2.702942    2.000000   (5.3E-03)
      4       6        2.702954    2.000000   (1.0E-02)
      4       2        2.702978    2.000000   (4.6E-03)
      4       7        2.712537    2.000000   (3.7E-02)
      2       1        3.032682    2.000000   (3.8E-03)
      3       1        3.066420    2.000000   (2.3E-02)
      4       1        3.087369    2.000000   (1.2E-02)

Density of states:

--------------------------------------------------%-------------------
--------------------------------------------------%-------------------
--------------------------------------------------%-------------------
--------------------------------------------------%----%--------------
--------------------------------------------------%----%-%------------
------------------%------------%------------------%----%-%--%---------
-------------%----%-----%----%-%----------------%-%---%%-%%-%-%-------
-------%----%%%--%%-----%----%-%---%%------%----%-%--%%%-%%%%-%%------
-----%-%----%%%--%%-----%----%%%%--%%--%---%--%-%-%--%%%%%%%%-%%--%%--
--%%-%-%%--%%%%--%%-----%----%%%%--%%--%---%--%%%-%--%%%%%%%%-%%%-%%--
                                                                     ^


Elapsed time for SCF step     6:        128.96
**********************************************************************

ETA: .......1......2.......3......4......5.......6......7.......8......9......0


*********************** SCF CYCLE ITER #    7 ************************
 etot  = -2.17090700E+02 abs_ev   =  4.53E+00 rel_ev   =  4.87E-01
 ediff =        2.30E-01 abs_dens =  6.72E-01 rel_dens =  8.39E-02
Matrix vector products:   7069
Converged eigenvectors:      0

#  State  KPoint  Eigenvalue [eV]  Occupation    Error
      1       1       -7.994079    2.000000   (3.0E-02)
      1      27       -7.645853    2.000000   (4.1E-02)
      1      20       -7.645772    2.000000   (4.1E-02)
      1       6       -7.641146    2.000000   (4.1E-02)
      1       7       -7.641135    2.000000   (4.0E-02)
      1       3       -7.638381    2.000000   (4.0E-02)
      1       5       -7.638371    2.000000   (3.9E-02)
      1       2       -7.637347    2.000000   (3.9E-02)

  [output of 847 eigenvalues skipped: maximum error = 4.4E-02]

      4       7        3.486534    2.000000   (2.1E-02)
      4       6        3.490542    2.000000   (3.1E-02)
      2       1        3.531283    2.000000   (2.2E-02)
      4       3        3.546722    2.000000   (3.0E-02)
      4       5        3.546860    2.000000   (3.4E-02)
      4       4        3.552690    2.000000   (3.7E-02)
      4       2        3.553068    2.000000   (3.7E-02)
      3       1        3.771657    2.000000   (2.6E-02)
      4       1        3.978967    2.000000   (3.1E-02)

Density of states:

------------------------------------------------%---------------------
------------------------------%-----------------%------%--------------
------------------------------%-----------------%-----%%--------------
-------------%----------------%-----------------%-----%%%--%----------
-------------%----%-----------%---------------%-%----%%%%--%----------
-------%----%%---%%-----------%---------------%-%%--%%%%%--%-%%-------
-------%----%%%--%%-----------%----%----------%-%%-%%%%%%-%%-%%-------
-----%-%----%%%--%%----%----%%%%---%%-----%-%-%-%%-%%%%%%%%%-%%--%----
--%--%-%%--%%%%--%%%---%%---%%%%-%%%%--%--%%%-%%%%-%%%%%%%%%-%%%-%----
--%%-%-%%--%%%%--%%%---%%%--%%%%%%%%%%-%--%%%-%%%%-%%%%%%%%%%%%%-%%%--
                                                                     ^


Elapsed time for SCF step     7:         79.38
**********************************************************************

ETA: .......1......2.......3......4......5.......6......7.......8......9......0


*********************** SCF CYCLE ITER #    8 ************************
 etot  = -2.19785594E+02 abs_ev   =  2.21E+00 rel_ev   =  1.92E-01
 ediff =       -9.90E-02 abs_dens =  3.00E-01 rel_dens =  3.75E-02
Matrix vector products:  10633
Converged eigenvectors:      0

#  State  KPoint  Eigenvalue [eV]  Occupation    Error
      1       1       -8.240745    2.000000   (1.0E-02)
      1       6       -7.891774    2.000000   (1.1E-02)
      1       7       -7.891757    2.000000   (1.1E-02)
      1      27       -7.891262    2.000000   (1.0E-02)
      1      20       -7.891246    2.000000   (1.1E-02)
      1       5       -7.890623    2.000000   (1.0E-02)
      1       3       -7.890621    2.000000   (1.0E-02)
      1       2       -7.888556    2.000000   (9.4E-03)

  [output of 847 eigenvalues skipped: maximum error = 1.3E-02]

      4      27        3.088745    2.000000   (8.5E-03)
      4      20        3.088926    2.000000   (8.4E-03)
      4       2        3.101264    2.000000   (1.0E-02)
      4       4        3.101281    2.000000   (1.0E-02)
      4       5        3.102462    2.000000   (9.9E-03)
      4       3        3.102553    2.000000   (9.8E-03)
      2       1        3.375203    2.000000   (1.1E-02)
      3       1        3.473688    2.000000   (8.5E-03)
      4       1        3.521891    2.000000   (1.2E-02)

Density of states:

-------------------------------------------------%--------------------
-------------------------------------------------%--------------------
-------------------------------------------------%--------------------
-------------------------------------------------%---------%----------
-------------------------------%-----------------%-----%%--%----------
-------------------------------%-----------------%-----%%--%--%-------
-------------%----%----------%-%---------------%-%---%%%%--%--%-------
-------%----%%%--%%-----%----%%%----%------%---%-%--%%%%%%-%--%%--%---
-----%-%----%%%--%%-----%----%%%--%-%------%---%-%--%%%%%%%%--%%--%---
--%%-%-%%--%%%%--%%%----%%---%%%--%%%-%%---%-%%%-%--%%%%%%%%-%%%-%%%--
                                                                     ^


Elapsed time for SCF step     8:        110.43
**********************************************************************

ETA: .......1......2.......3......4......5.......6......7.......8......9......0


*********************** SCF CYCLE ITER #    9 ************************
 etot  = -2.15879308E+02 abs_ev   =  3.23E+00 rel_ev   =  3.90E-01
 ediff =        1.44E-01 abs_dens =  2.00E-01 rel_dens =  2.49E-02
Matrix vector products:  11713
Converged eigenvectors:      0

#  State  KPoint  Eigenvalue [eV]  Occupation    Error
      1       1       -7.844310    2.000000   (6.5E-03)
      1       6       -7.493061    2.000000   (6.8E-03)
      1       7       -7.493057    2.000000   (6.9E-03)
      1      27       -7.492208    2.000000   (7.6E-03)
      1      20       -7.492206    2.000000   (7.5E-03)
      1       4       -7.491565    2.000000   (5.9E-03)
      1       2       -7.491494    2.000000   (7.6E-03)
      1       3       -7.490894    2.000000   (7.3E-03)

  [output of 847 eigenvalues skipped: maximum error = 1.0E-02]

      4      20        3.522635    2.000000   (6.3E-03)
      4      27        3.522747    2.000000   (7.0E-03)
      4       3        3.533181    2.000000   (6.1E-03)
      4       5        3.533194    2.000000   (5.8E-03)
      4       4        3.535743    2.000000   (5.6E-03)
      4       2        3.535750    2.000000   (5.7E-03)
      2       1        3.870474    2.000000   (6.7E-03)
      3       1        3.921783    2.000000   (7.6E-03)
      4       1        3.973483    2.000000   (6.0E-03)

Density of states:

-----------------------------------------------------%----------------
-------------------------------%---------------------%-----%----------
-------------------------------%-----------------%---%-----%----------
-------------------------------%-----------------%---%-%---%----------
-------------------------------%----------------%%---%-%-%-%----------
-------------%----------%----%-%----------------%%---%-%-%-%--%-------
-------%----%%%--%------%----%-%--%-%------%--%-%%--%%%%%%-%--%---%---
-------%----%%%--%%%----%----%%%--%-%------%--%-%%--%%%%%%-%-%%%--%---
-----%-%----%%%--%%%----%----%%%--%-%------%%-%%%%--%%%%%%%%-%%%--%---
--%%-%-%%--%%%%--%%%----%----%%%--%-%-%-%--%%-%%%%-%%%%%%%%%-%%%-%%---
                                                                     ^


Elapsed time for SCF step     9:        114.13
**********************************************************************

ETA: .......1......2.......3......4......5.......6......7.......8......9......0


*********************** SCF CYCLE ITER #   10 ************************
 etot  = -2.14881237E+02 abs_ev   =  6.59E-01 rel_ev   =  8.65E-02
 ediff =        3.67E-02 abs_dens =  2.28E-01 rel_dens =  2.85E-02
Matrix vector products:  12453
Converged eigenvectors:      0

#  State  KPoint  Eigenvalue [eV]  Occupation    Error
      1       1       -7.768890    2.000000   (5.0E-03)
      1       4       -7.415834    2.000000   (4.7E-03)
      1       2       -7.415820    2.000000   (5.6E-03)
      1       6       -7.415787    2.000000   (4.9E-03)
      1       7       -7.415787    2.000000   (4.9E-03)
      1       5       -7.414735    2.000000   (5.3E-03)
      1       3       -7.414735    2.000000   (5.3E-03)
      1      27       -7.413558    2.000000   (5.4E-03)

  [output of 847 eigenvalues skipped: maximum error = 7.5E-03]

      4       6        3.620011    2.000000   (5.3E-03)
      4       7        3.620020    2.000000   (5.5E-03)
      4      27        3.629735    2.000000   (5.1E-03)
      4      20        3.629763    2.000000   (5.6E-03)
      4       3        3.634647    2.000000   (4.7E-03)
      4       5        3.634739    2.000000   (5.5E-03)
      2       1        3.982544    2.000000   (6.5E-03)
      3       1        4.044227    2.000000   (7.1E-03)
      4       1        4.077318    2.000000   (4.8E-03)

Density of states:

-----------------------------------------------------%----------------
-------------------------------%----------------%----%-----%----------
-------------------------------%----------------%----%-----%----------
-------------------------------%----------------%----%-----%----------
-------------------%---------%-%----------------%----%-%-%-%----------
-------%----%%%----%----%----%-%--%-%------%--%-%%---%%%%%-%--%-------
-------%----%%%----%----%----%-%--%-%------%--%-%%---%%%%%-%-%%---%---
-------%----%%%--%-%----%----%-%--%-%------%--%-%%-%-%%%%%-%-%%%--%---
--%--%-%%---%%%--%%%----%----%%%--%-%-%----%%-%%%%-%-%%%%%%%-%%%--%---
--%%-%-%%--%%%%--%%%----%%---%%%--%-%-%-%--%%-%%%%-%%%%%%%%%-%%%-%%---
                                                                     ^


Elapsed time for SCF step    10:        121.60
**********************************************************************

ETA: .......1......2.......3......4......5.......6......7.......8......9......0


*********************** SCF CYCLE ITER #   11 ************************
 etot  = -2.14442516E+02 abs_ev   =  2.89E-01 rel_ev   =  3.94E-02
 ediff =        1.61E-02 abs_dens =  4.96E-02 rel_dens =  6.20E-03
Matrix vector products:  13285
Converged eigenvectors:      0

#  State  KPoint  Eigenvalue [eV]  Occupation    Error
      1       1       -7.736413    2.000000   (1.1E-03)
      1       6       -7.382183    2.000000   (8.9E-04)
      1       7       -7.382181    2.000000   (1.2E-03)
      1       2       -7.382014    2.000000   (9.0E-04)
      1       4       -7.382013    2.000000   (1.1E-03)
      1       5       -7.381670    2.000000   (9.4E-04)
      1       3       -7.381670    2.000000   (9.2E-04)
      1      27       -7.381344    2.000000   (1.0E-03)

  [output of 847 eigenvalues skipped: maximum error = 1.8E-03]

      4       2        3.651951    2.000000   (1.5E-03)
      4       4        3.651951    2.000000   (1.6E-03)
      4      20        3.654735    2.000000   (1.4E-03)
      4      27        3.654735    2.000000   (1.4E-03)
      4       3        3.655991    2.000000   (1.2E-03)
      4       5        3.655997    2.000000   (1.4E-03)
      2       1        4.066853    2.000000   (1.6E-03)
      3       1        4.085108    2.000000   (1.5E-03)
      4       1        4.099003    2.000000   (1.3E-03)

Density of states:

-----------------------------------------------------%----------------
-------------------------------%----------------%----%-----%----------
-------------------------------%----------------%----%-----%----------
-------------------%-----------%----------------%----%-----%----------
-------------------%----%------%----------------%----%-%-%-%--%-------
-------------%-----%----%----%-%----------------%----%-%-%-%--%---%---
-------%----%%%---%%----%----%-%--%-%------%--%-%%-%-%%%%%-%--%---%---
-------%----%%%---%%----%----%-%--%-%------%--%-%%-%-%%%%%-%--%%--%---
-----%-%----%%%---%%----%----%%%--%-%------%%-%%%%-%-%%%%%%%-%%%--%---
--%%-%-%%--%%%%---%%----%----%%%--%-%-%-%--%%-%%%%-%-%%%%%%%-%%%--%--%
                                                                     ^


Elapsed time for SCF step    11:        128.35
**********************************************************************

ETA: .......1......2.......3......4......5.......6......7.......8......9......0


*********************** SCF CYCLE ITER #   12 ************************
 etot  = -2.14396950E+02 abs_ev   =  2.05E-02 rel_ev   =  2.80E-03
 ediff =        1.67E-03 abs_dens =  1.75E-02 rel_dens =  2.19E-03
Matrix vector products:  14458
Converged eigenvectors:      0

#  State  KPoint  Eigenvalue [eV]  Occupation    Error
      1       1       -7.734228    2.000000   (3.9E-04)
      1       6       -7.379674    2.000000   (3.4E-04)
      1       7       -7.379673    2.000000   (4.0E-04)
      1       2       -7.379634    2.000000   (4.0E-04)
      1       4       -7.379634    2.000000   (4.5E-04)
      1       5       -7.379511    2.000000   (3.4E-04)
      1       3       -7.379511    2.000000   (4.3E-04)
      1      27       -7.379327    2.000000   (3.9E-04)

  [output of 847 eigenvalues skipped: maximum error = 7.5E-04]

      4       2        3.650110    2.000000   (5.3E-04)
      4       4        3.650110    2.000000   (5.3E-04)
      4      20        3.650703    2.000000   (4.6E-04)
      4      27        3.650703    2.000000   (4.7E-04)
      4       3        3.651566    2.000000   (3.9E-04)
      4       5        3.651566    2.000000   (4.2E-04)
      2       1        4.080127    2.000000   (7.2E-04)
      3       1        4.088623    2.000000   (7.1E-04)
      4       1        4.092786    2.000000   (5.1E-04)

Density of states:

-----------------------------------------------------%----------------
-------------------------------%----------------%----%-----%----------
-------------------------------%----------------%----%-----%--%-------
-------------------%-----------%----------------%----%-----%--%-------
-------------------%----%------%----------------%----%-%---%--%-------
-------------%-----%----%----%-%----------------%----%-%-%-%--%---%---
-------%----%%%---%%----%----%-%--%-%------%--%-%%-%-%%%%%-%--%---%---
-------%----%%%---%%----%----%-%--%-%------%--%-%%-%-%%%%%%%--%%--%---
-----%-%----%%%---%%----%----%%%--%-%------%%-%%%%-%-%%%%%%%--%%--%---
--%%-%-%%--%%%%---%%----%----%%%--%-%-%-%--%%-%%%%-%-%%%%%%%--%%--%--%
                                                                     ^


Elapsed time for SCF step    12:        135.45
**********************************************************************

ETA: .......1......2.......3......4......5.......6......7.......8......9......0


*********************** SCF CYCLE ITER #   13 ************************
 etot  = -2.14575133E+02 abs_ev   =  1.26E-01 rel_ev   =  1.70E-02
 ediff =       -6.55E-03 abs_dens =  1.20E-02 rel_dens =  1.50E-03
Matrix vector products:  10229
Converged eigenvectors:      0

#  State  KPoint  Eigenvalue [eV]  Occupation    Error
      1       1       -7.748438    2.000000   (4.6E-04)
      1      20       -7.394047    2.000000   (4.4E-04)
      1      27       -7.394047    2.000000   (4.4E-04)
      1       3       -7.394019    2.000000   (4.5E-04)
      1       5       -7.394019    2.000000   (4.4E-04)
      1       2       -7.393997    2.000000   (4.7E-04)
      1       4       -7.393997    2.000000   (4.8E-04)
      1       6       -7.393979    2.000000   (4.9E-04)

  [output of 847 eigenvalues skipped: maximum error = 6.8E-04]

      4       5        3.628115    2.000000   (4.4E-04)
      4       3        3.628115    2.000000   (4.9E-04)
      4       4        3.628264    2.000000   (4.7E-04)
      4       2        3.628267    2.000000   (5.0E-04)
      4       6        3.628309    2.000000   (5.1E-04)
      4       7        3.628309    2.000000   (5.2E-04)
      2       1        4.064143    2.000000   (5.9E-04)
      3       1        4.065394    2.000000   (4.1E-04)
      4       1        4.067261    2.000000   (3.9E-04)

Density of states:

-----------------------------------------------------%----------------
-------------------------------%----------------%----%-----%----------
-------------------------------%----------------%----%-----%--%-------
-------------------%-----------%----------------%----%-----%--%-------
-------------------%----%------%----------------%----%-%---%--%-------
-------------%-----%----%----%-%----------------%----%-%---%--%---%---
-------%----%%%---%%----%----%-%--%-%------%--%-%%--%%%%%-%%--%---%---
-------%----%%%---%%----%----%-%--%-%------%--%-%%--%%%%%%%%--%%--%---
-----%-%----%%%---%%----%----%%%--%-%------%%-%%%%--%%%%%%%%--%%--%---
--%%-%-%%--%%%%---%%----%----%%%--%-%-%-%--%%-%%%%--%%%%%%%%--%%--%--%
                                                                     ^


Elapsed time for SCF step    13:        101.92
**********************************************************************

ETA: .......1......2.......3......4......5.......6......7.......8......9......0


*********************** SCF CYCLE ITER #   14 ************************
 etot  = -2.14566306E+02 abs_ev   =  8.01E-03 rel_ev   =  1.08E-03
 ediff =        3.24E-04 abs_dens =  2.68E-03 rel_dens =  3.35E-04
Matrix vector products:  13620
Converged eigenvectors:      0

#  State  KPoint  Eigenvalue [eV]  Occupation    Error
      1       1       -7.747472    2.000000   (8.0E-05)
      1      20       -7.393087    2.000000   (7.7E-05)
      1      27       -7.393087    2.000000   (7.8E-05)
      1       5       -7.393047    2.000000   (9.6E-05)
      1       3       -7.393047    2.000000   (9.6E-05)
      1       2       -7.393009    2.000000   (8.7E-05)
      1       4       -7.393009    2.000000   (8.7E-05)
      1       6       -7.392988    2.000000   (1.2E-04)

  [output of 847 eigenvalues skipped: maximum error = 1.7E-04]

      4       3        3.629439    2.000000   (1.2E-04)
      4       5        3.629439    2.000000   (1.3E-04)
      4       6        3.629784    2.000000   (1.1E-04)
      4       7        3.629784    2.000000   (1.1E-04)
      4       4        3.629794    2.000000   (1.2E-04)
      4       2        3.629794    2.000000   (1.3E-04)
      2       1        4.064730    2.000000   (1.4E-04)
      3       1        4.066420    2.000000   (1.3E-04)
      4       1        4.068869    2.000000   (1.1E-04)

Density of states:

-----------------------------------------------------%----------------
-------------------------------%----------------%----%-----%----------
-------------------------------%----------------%----%-----%--%-------
-------------------%-----------%----------------%----%-----%--%-------
-------------------%----%------%----------------%----%-%---%--%-------
-------------%-----%----%----%-%----------------%----%-%---%--%---%---
-------%----%%%---%%----%----%-%--%-%------%--%-%%--%%%%%-%%--%---%---
-------%----%%%---%%----%----%-%--%-%------%--%-%%--%%%%%%%%--%%--%---
-----%-%----%%%---%%----%----%%%--%-%------%%-%%%%--%%%%%%%%--%%--%---
--%%-%-%%--%%%%---%%----%----%%%--%-%-%-%--%%-%%%%--%%%%%%%%--%%--%--%
                                                                     ^


Elapsed time for SCF step    14:        129.21
**********************************************************************

ETA: .......1......2.......3......4......5.......6......7.......8......9......0


*********************** SCF CYCLE ITER #   15 ************************
 etot  = -2.14531712E+02 abs_ev   =  2.77E-02 rel_ev   =  3.74E-03
 ediff =        1.27E-03 abs_dens =  2.31E-03 rel_dens =  2.89E-04
Matrix vector products:  10614
Converged eigenvectors:      0

#  State  KPoint  Eigenvalue [eV]  Occupation    Error
      1       1       -7.744182    2.000000   (8.7E-05)
      1       6       -7.389715    2.000000   (9.4E-05)
      1       7       -7.389715    2.000000   (9.1E-05)
      1       2       -7.389706    2.000000   (9.2E-05)
      1       4       -7.389706    2.000000   (9.2E-05)
      1       3       -7.389700    2.000000   (8.2E-05)
      1       5       -7.389700    2.000000   (8.1E-05)
      1      20       -7.389699    2.000000   (8.7E-05)

  [output of 847 eigenvalues skipped: maximum error = 1.2E-04]

      4       2        3.632288    2.000000   (8.7E-05)
      4       4        3.632288    2.000000   (8.8E-05)
      4      27        3.632354    2.000000   (9.4E-05)
      4      20        3.632354    2.000000   (1.1E-04)
      4       3        3.632356    2.000000   (7.4E-05)
      4       5        3.632356    2.000000   (7.3E-05)
      2       1        4.070450    2.000000   (8.0E-05)
      3       1        4.070696    2.000000   (9.1E-05)
      4       1        4.071227    2.000000   (1.1E-04)

Density of states:

-----------------------------------------------------%----------------
-------------------------------%----------------%----%-----%----------
-------------------------------%----------------%----%-----%--%-------
-------------------%-----------%----------------%----%-----%--%-------
-------------------%----%------%----------------%----%-%---%--%-------
-------------%-----%----%----%-%----------------%----%-%---%--%---%---
-------%----%%%---%%----%----%-%--%-%------%--%-%%--%%%%%-%%--%---%---
-------%----%%%---%%----%----%-%--%-%------%--%-%%--%%%%%%%%--%%--%---
-----%-%----%%%---%%----%----%%%--%-%------%%-%%%%--%%%%%%%%--%%--%---
--%%-%-%%--%%%%---%%----%----%%%--%-%-%-%--%%-%%%%--%%%%%%%%--%%--%--%
                                                                     ^


Elapsed time for SCF step    15:        109.81
**********************************************************************

ETA: .......1......2.......3......4......5.......6......7.......8......9......0


*********************** SCF CYCLE ITER #   16 ************************
 etot  = -2.14534870E+02 abs_ev   =  2.48E-03 rel_ev   =  3.35E-04
 ediff =       -1.16E-04 abs_dens =  3.05E-04 rel_dens =  3.81E-05
Matrix vector products:  11630
Converged eigenvectors:      0

#  State  KPoint  Eigenvalue [eV]  Occupation    Error
      1       1       -7.744468    2.000000   (1.8E-05)
      1       6       -7.389998    2.000000   (1.2E-05)
      1       7       -7.389998    2.000000   (1.9E-05)
      1      27       -7.389996    2.000000   (1.9E-05)
      1      20       -7.389996    2.000000   (1.9E-05)
      1       2       -7.389994    2.000000   (2.0E-05)
      1       4       -7.389994    2.000000   (2.0E-05)
      1       5       -7.389994    2.000000   (1.9E-05)

  [output of 847 eigenvalues skipped: maximum error = 2.8E-05]

      4      27        3.631739    2.000000   (1.6E-05)
      4      20        3.631739    2.000000   (2.1E-05)
      4       2        3.631749    2.000000   (1.7E-05)
      4       4        3.631749    2.000000   (1.7E-05)
      4       3        3.631757    2.000000   (1.7E-05)
      4       5        3.631757    2.000000   (1.7E-05)
      2       1        4.070294    2.000000   (2.0E-05)
      3       1        4.070363    2.000000   (1.8E-05)
      4       1        4.070527    2.000000   (2.3E-05)

Density of states:

-----------------------------------------------------%----------------
-------------------------------%----------------%----%-----%----------
-------------------------------%----------------%----%-----%--%-------
-------------------%-----------%----------------%----%-----%--%-------
-------------------%----%------%----------------%----%-%---%--%-------
-------------%-----%----%----%-%----------------%----%-%---%--%---%---
-------%----%%%---%%----%----%-%--%-%------%--%-%%--%%%%%-%%--%---%---
-------%----%%%---%%----%----%-%--%-%------%--%-%%--%%%%%%%%--%%--%---
-----%-%----%%%---%%----%----%%%--%-%------%%-%%%%--%%%%%%%%--%%--%---
--%%-%-%%--%%%%---%%----%----%%%--%-%-%-%--%%-%%%%--%%%%%%%%--%%--%--%
                                                                     ^


Elapsed time for SCF step    16:        120.46
**********************************************************************

ETA: .......1......2.......3......4......5.......6......7.......8......9......0


*********************** SCF CYCLE ITER #   17 ************************
 etot  = -2.14536046E+02 abs_ev   =  8.95E-04 rel_ev   =  1.21E-04
 ediff =       -4.32E-05 abs_dens =  3.07E-04 rel_dens =  3.84E-05
Matrix vector products:  13492
Converged eigenvectors:      0

#  State  KPoint  Eigenvalue [eV]  Occupation    Error
      1       1       -7.744564    2.000000   (1.1E-05)
      1      20       -7.390095    2.000000   (7.7E-06)
      1      27       -7.390095    2.000000   (7.8E-06)
      1       3       -7.390094    2.000000   (7.4E-06)
      1       5       -7.390094    2.000000   (7.5E-06)
      1       2       -7.390093    2.000000   (6.6E-06)
      1       4       -7.390093    2.000000   (9.2E-06)
      1       6       -7.390092    2.000000   (9.4E-06)

  [output of 847 eigenvalues skipped: maximum error = 1.3E-05]

      4       3        3.631528    2.000000   (9.3E-06)
      4       5        3.631528    2.000000   (9.6E-06)
      4       7        3.631534    2.000000   (7.1E-06)
      4       6        3.631534    2.000000   (8.2E-06)
      4       2        3.631536    2.000000   (7.5E-06)
      4       4        3.631536    2.000000   (7.1E-06)
      2       1        4.070190    2.000000   (1.1E-05)
      3       1        4.070234    2.000000   (8.2E-06)
      4       1        4.070295    2.000000   (9.9E-06)

Density of states:

-----------------------------------------------------%----------------
-------------------------------%----------------%----%-----%----------
-------------------------------%----------------%----%-----%--%-------
-------------------%-----------%----------------%----%-----%--%-------
-------------------%----%------%----------------%----%-%---%--%-------
-------------%-----%----%----%-%----------------%----%-%---%--%---%---
-------%----%%%---%%----%----%-%--%-%------%--%-%%--%%%%%-%%--%---%---
-------%----%%%---%%----%----%-%--%-%------%--%-%%--%%%%%%%%--%%--%---
-----%-%----%%%---%%----%----%%%--%-%------%%-%%%%--%%%%%%%%--%%--%---
--%%-%-%%--%%%%---%%----%----%%%--%-%-%-%--%%-%%%%--%%%%%%%%--%%--%--%
                                                                     ^


Elapsed time for SCF step    17:        134.30
**********************************************************************

ETA: .......1......2.......3......4......5.......6......7.......8......9......0


*********************** SCF CYCLE ITER #   18 ************************
 etot  = -2.14534708E+02 abs_ev   =  1.01E-03 rel_ev   =  1.37E-04
 ediff =        4.92E-05 abs_dens =  1.25E-04 rel_dens =  1.57E-05
Matrix vector products:  12669
Converged eigenvectors:      0

#  State  KPoint  Eigenvalue [eV]  Occupation    Error
      1       1       -7.744443    2.000000   (3.1E-06)
      1       6       -7.389971    2.000000   (2.8E-06)
      1       7       -7.389971    2.000000   (3.2E-06)
      1       4       -7.389971    2.000000   (2.9E-06)
      1       2       -7.389971    2.000000   (3.3E-06)
      1       5       -7.389971    2.000000   (2.9E-06)
      1       3       -7.389971    2.000000   (2.9E-06)
      1      27       -7.389970    2.000000   (2.8E-06)

  [output of 847 eigenvalues skipped: maximum error = 4.6E-06]

      4       4        3.631657    2.000000   (3.7E-06)
      4       2        3.631657    2.000000   (3.5E-06)
      4      20        3.631667    2.000000   (3.2E-06)
      4      27        3.631667    2.000000   (3.4E-06)
      4       3        3.631672    2.000000   (3.3E-06)
      4       5        3.631672    2.000000   (3.1E-06)
      2       1        4.070356    2.000000   (5.2E-06)
      3       1        4.070395    2.000000   (4.7E-06)
      4       1        4.070430    2.000000   (3.3E-06)

Density of states:

-----------------------------------------------------%----------------
-------------------------------%----------------%----%-----%----------
-------------------------------%----------------%----%-----%--%-------
-------------------%-----------%----------------%----%-----%--%-------
-------------------%----%------%----------------%----%-%---%--%-------
-------------%-----%----%----%-%----------------%----%-%---%--%---%---
-------%----%%%---%%----%----%-%--%-%------%--%-%%--%%%%%-%%--%---%---
-------%----%%%---%%----%----%-%--%-%------%--%-%%--%%%%%%%%--%%--%---
-----%-%----%%%---%%----%----%%%--%-%------%%-%%%%--%%%%%%%%--%%--%---
--%%-%-%%--%%%%---%%----%----%%%--%-%-%-%--%%-%%%%--%%%%%%%%--%%--%--%
                                                                     ^


Elapsed time for SCF step    18:        120.13
**********************************************************************

ETA: .......1......2.......3......4......5.......6......7.......8......9......0


*********************** SCF CYCLE ITER #   19 ************************
 etot  = -2.14534793E+02 abs_ev   =  6.00E-05 rel_ev   =  8.10E-06
 ediff =       -3.14E-06 abs_dens =  2.01E-05 rel_dens =  2.51E-06
Matrix vector products:  11710
Converged eigenvectors:    468

#  State  KPoint  Eigenvalue [eV]  Occupation    Error
      1       1       -7.744449    2.000000   (7.7E-07)
      1       4       -7.389977    2.000000   (6.7E-07)
      1       2       -7.389977    2.000000   (6.8E-07)
      1       6       -7.389977    2.000000   (8.0E-07)
      1       7       -7.389977    2.000000   (7.7E-07)
      1      27       -7.389977    2.000000   (6.7E-07)
      1      20       -7.389977    2.000000   (6.6E-07)
      1       5       -7.389977    2.000000   (6.1E-07)

  [output of 847 eigenvalues skipped: maximum error = 1.4E-06]

      4      20        3.631634    2.000000   (8.3E-07)
      4      27        3.631634    2.000000   (1.1E-06)
      4       6        3.631636    2.000000   (8.2E-07)
      4       7        3.631636    2.000000   (8.3E-07)
      4       3        3.631638    2.000000   (9.1E-07)
      4       5        3.631638    2.000000   (1.1E-06)
      2       1        4.070374    2.000000   (1.1E-06)
      3       1        4.070383    2.000000   (1.2E-06)
      4       1        4.070391    2.000000   (9.3E-07)

Density of states:

-----------------------------------------------------%----------------
-------------------------------%----------------%----%-----%----------
-------------------------------%----------------%----%-----%--%-------
-------------------%-----------%----------------%----%-----%--%-------
-------------------%----%------%----------------%----%-%---%--%-------
-------------%-----%----%----%-%----------------%----%-%---%--%---%---
-------%----%%%---%%----%----%-%--%-%------%--%-%%--%%%%%-%%--%---%---
-------%----%%%---%%----%----%-%--%-%------%--%-%%--%%%%%%%%--%%--%---
-----%-%----%%%---%%----%----%%%--%-%------%%-%%%%--%%%%%%%%--%%--%---
--%%-%-%%--%%%%---%%----%----%%%--%-%-%-%--%%-%%%%--%%%%%%%%--%%--%--%
                                                                     ^


Elapsed time for SCF step    19:        115.71
**********************************************************************

ETA: .......1......2.......3......4......5.......6......7.......8......9......0


*********************** SCF CYCLE ITER #   20 ************************
 etot  = -2.14534769E+02 abs_ev   =  1.30E-05 rel_ev   =  1.76E-06
 ediff =        8.82E-07 abs_dens =  1.88E-05 rel_dens =  2.36E-06
Matrix vector products:  10134
Converged eigenvectors:    864

#  State  KPoint  Eigenvalue [eV]  Occupation    Error
      1       1       -7.744447    2.000000   (6.1E-07)
      1      20       -7.389976    2.000000   (7.4E-07)
      1      27       -7.389976    2.000000   (7.4E-07)
      1       3       -7.389975    2.000000   (7.9E-07)
      1       5       -7.389975    2.000000   (8.0E-07)
      1       4       -7.389975    2.000000   (7.9E-07)
      1       2       -7.389975    2.000000   (7.8E-07)
      1       7       -7.389975    2.000000   (6.0E-07)

  [output of 847 eigenvalues skipped: maximum error = 1.0E-06]

      4       3        3.631631    2.000000   (8.2E-07)
      4       5        3.631631    2.000000   (8.6E-07)
      4       2        3.631633    2.000000   (8.3E-07)
      4       4        3.631633    2.000000   (9.2E-07)
      4       7        3.631633    2.000000   (8.2E-07)
      4       6        3.631633    2.000000   (8.7E-07)
      2       1        4.070381    2.000000   (7.0E-07)
      3       1        4.070384    2.000000   (8.5E-07)
      4       1        4.070390    2.000000   (8.1E-07)

Density of states:

-----------------------------------------------------%----------------
-------------------------------%----------------%----%-----%----------
-------------------------------%----------------%----%-----%--%-------
-------------------%-----------%----------------%----%-----%--%-------
-------------------%----%------%----------------%----%-%---%--%-------
-------------%-----%----%----%-%----------------%----%-%---%--%---%---
-------%----%%%---%%----%----%-%--%-%------%--%-%%--%%%%%-%%--%---%---
-------%----%%%---%%----%----%-%--%-%------%--%-%%--%%%%%%%%--%%--%---
-----%-%----%%%---%%----%----%%%--%-%------%%-%%%%--%%%%%%%%--%%--%---
--%%-%-%%--%%%%---%%----%----%%%--%-%-%-%--%%-%%%%--%%%%%%%%--%%--%--%
                                                                     ^


Elapsed time for SCF step    20:        110.87
**********************************************************************


             Info: Writing states. 2020/10/12 at 17:56:39


        Info: Finished writing states. 2020/10/12 at 17:56:46

Info: SCF converged in   20 iterations

Info: Writing output to static/
Info: Finished writing information to 'restart/gs'.

             Calculation ended on 2020/10/12 at 17:57:09

                        Walltime:  39m 28.718s

Octopus emitted 3 warnings.

Octopus used 2 experimental features:

  Since you used one or more experimental features, results are likely
  wrong and should not  be considered as valid scientific data.  Check

  http://octopus-code.org/experimental_features

  or contact the octopus developers for details.
